# JRE version: OpenJDK Runtime Environment (8.0_152-b01) (build 1.8.0_152-release-1343-b01)
# Java VM: OpenJDK 64-Bit Server VM (25.152-b01 mixed mode windows-amd64 compressed oops)
Heap:
 PSYoungGen      total 335360K, used 164338K [0x00000000e0000000, 0x00000000ff800000, 0x0000000100000000)
  eden space 288768K, 40% used [0x00000000e0000000,0x00000000e7373820,0x00000000f1a00000)
  from space 46592K, 98% used [0x00000000f1a00000,0x00000000f4709018,0x00000000f4780000)
  to   space 113664K, 0% used [0x00000000f8900000,0x00000000f8900000,0x00000000ff800000)
 ParOldGen       total 326144K, used 66990K [0x00000000a0000000, 0x00000000b3e80000, 0x00000000e0000000)
  object space 326144K, 20% used [0x00000000a0000000,0x00000000a416b8f0,0x00000000b3e80000)
 Metaspace       used 109027K, capacity 112815K, committed 112936K, reserved 1148928K
  class space    used 13002K, capacity 13833K, committed 13872K, reserved 1048576K
GC Heap History (10 events):
Event: 1269.798 GC heap before
{Heap before GC invocations=34 (full 5):
 PSYoungGen      total 413184K, used 360711K [0x00000000e0000000, 0x0000000100000000, 0x0000000100000000)
  eden space 299520K, 100% used [0x00000000e0000000,0x00000000f2480000,0x00000000f2480000)
  from space 113664K, 53% used [0x00000000f9100000,0x00000000fccc1e98,0x0000000100000000)
  to   space 111104K, 0% used [0x00000000f2480000,0x00000000f2480000,0x00000000f9100000)
 ParOldGen       total 326144K, used 63774K [0x00000000a0000000, 0x00000000b3e80000, 0x00000000e0000000)
  object space 326144K, 19% used [0x00000000a0000000,0x00000000a3e47bf8,0x00000000b3e80000)
 Metaspace       used 102602K, capacity 105988K, committed 106280K, reserved 1142784K
  class space    used 12242K, capacity 12987K, committed 13104K, reserved 1048576K
Event: 1269.814 GC heap after
Heap after GC invocations=34 (full 5):
 PSYoungGen      total 336896K, used 37352K [0x00000000e0000000, 0x00000000ff680000, 0x0000000100000000)
  eden space 299520K, 0% used [0x00000000e0000000,0x00000000e0000000,0x00000000f2480000)
  from space 37376K, 99% used [0x00000000f2480000,0x00000000f48fa068,0x00000000f4900000)
  to   space 107520K, 0% used [0x00000000f8d80000,0x00000000f8d80000,0x00000000ff680000)
 ParOldGen       total 326144K, used 63782K [0x00000000a0000000, 0x00000000b3e80000, 0x00000000e0000000)
  object space 326144K, 19% used [0x00000000a0000000,0x00000000a3e49bf8,0x00000000b3e80000)
 Metaspace       used 102602K, capacity 105988K, committed 106280K, reserved 1142784K
  class space    used 12242K, capacity 12987K, committed 13104K, reserved 1048576K
}
Event: 1316.571 GC heap before
{Heap before GC invocations=35 (full 5):
 PSYoungGen      total 336896K, used 336872K [0x00000000e0000000, 0x00000000ff680000, 0x0000000100000000)
  eden space 299520K, 100% used [0x00000000e0000000,0x00000000f2480000,0x00000000f2480000)
  from space 37376K, 99% used [0x00000000f2480000,0x00000000f48fa068,0x00000000f4900000)
  to   space 107520K, 0% used [0x00000000f8d80000,0x00000000f8d80000,0x00000000ff680000)
 ParOldGen       total 326144K, used 63782K [0x00000000a0000000, 0x00000000b3e80000, 0x00000000e0000000)
  object space 326144K, 19% used [0x00000000a0000000,0x00000000a3e49bf8,0x00000000b3e80000)
 Metaspace       used 103113K, capacity 106568K, committed 106792K, reserved 1142784K
  class space    used 12305K, capacity 13077K, committed 13104K, reserved 1048576K
Event: 1316.615 GC heap after
Heap after GC invocations=35 (full 5):
 PSYoungGen      total 397824K, used 90882K [0x00000000e0000000, 0x0000000100000000, 0x0000000100000000)
  eden space 290304K, 0% used [0x00000000e0000000,0x00000000e0000000,0x00000000f1b80000)
  from space 107520K, 84% used [0x00000000f8d80000,0x00000000fe640830,0x00000000ff680000)
  to   space 116736K, 0% used [0x00000000f1b80000,0x00000000f1b80000,0x00000000f8d80000)
 ParOldGen       total 326144K, used 63790K [0x00000000a0000000, 0x00000000b3e80000, 0x00000000e0000000)
  object space 326144K, 19% used [0x00000000a0000000,0x00000000a3e4bbf8,0x00000000b3e80000)
 Metaspace       used 103113K, capacity 106568K, committed 106792K, reserved 1142784K
  class space    used 12305K, capacity 13077K, committed 13104K, reserved 1048576K
}
Event: 1317.943 GC heap before
{Heap before GC invocations=36 (full 5):
 PSYoungGen      total 397824K, used 381186K [0x00000000e0000000, 0x0000000100000000, 0x0000000100000000)
  eden space 290304K, 100% used [0x00000000e0000000,0x00000000f1b80000,0x00000000f1b80000)
  from space 107520K, 84% used [0x00000000f8d80000,0x00000000fe640830,0x00000000ff680000)
  to   space 116736K, 0% used [0x00000000f1b80000,0x00000000f1b80000,0x00000000f8d80000)
 ParOldGen       total 326144K, used 63790K [0x00000000a0000000, 0x00000000b3e80000, 0x00000000e0000000)
  object space 326144K, 19% used [0x00000000a0000000,0x00000000a3e4bbf8,0x00000000b3e80000)
 Metaspace       used 104834K, capacity 108408K, committed 108584K, reserved 1144832K
  class space    used 12483K, capacity 13287K, committed 13360K, reserved 1048576K
Event: 1317.971 GC heap after
Heap after GC invocations=36 (full 5):
 PSYoungGen      total 364544K, used 73925K [0x00000000e0000000, 0x0000000100000000, 0x0000000100000000)
  eden space 290304K, 0% used [0x00000000e0000000,0x00000000e0000000,0x00000000f1b80000)
  from space 74240K, 99% used [0x00000000f1b80000,0x00000000f63b1768,0x00000000f6400000)
  to   space 117760K, 0% used [0x00000000f8d00000,0x00000000f8d00000,0x0000000100000000)
 ParOldGen       total 326144K, used 63798K [0x00000000a0000000, 0x00000000b3e80000, 0x00000000e0000000)
  object space 326144K, 19% used [0x00000000a0000000,0x00000000a3e4dbf8,0x00000000b3e80000)
 Metaspace       used 104834K, capacity 108408K, committed 108584K, reserved 1144832K
  class space    used 12483K, capacity 13287K, committed 13360K, reserved 1048576K
}
Event: 1319.245 GC heap before
{Heap before GC invocations=37 (full 5):
 PSYoungGen      total 364544K, used 364229K [0x00000000e0000000, 0x0000000100000000, 0x0000000100000000)
  eden space 290304K, 100% used [0x00000000e0000000,0x00000000f1b80000,0x00000000f1b80000)
  from space 74240K, 99% used [0x00000000f1b80000,0x00000000f63b1768,0x00000000f6400000)
  to   space 117760K, 0% used [0x00000000f8d00000,0x00000000f8d00000,0x0000000100000000)
 ParOldGen       total 326144K, used 63798K [0x00000000a0000000, 0x00000000b3e80000, 0x00000000e0000000)
  object space 326144K, 19% used [0x00000000a0000000,0x00000000a3e4dbf8,0x00000000b3e80000)
 Metaspace       used 108189K, capacity 112009K, committed 112168K, reserved 1146880K
  class space    used 12930K, capacity 13760K, committed 13872K, reserved 1048576K
Event: 1319.276 GC heap after
Heap after GC invocations=37 (full 5):
 PSYoungGen      total 406528K, used 73339K [0x00000000e0000000, 0x0000000100000000, 0x0000000100000000)
  eden space 288768K, 0% used [0x00000000e0000000,0x00000000e0000000,0x00000000f1a00000)
  from space 117760K, 62% used [0x00000000f8d00000,0x00000000fd49efe0,0x0000000100000000)
  to   space 117760K, 0% used [0x00000000f1a00000,0x00000000f1a00000,0x00000000f8d00000)
 ParOldGen       total 326144K, used 63806K [0x00000000a0000000, 0x00000000b3e80000, 0x00000000e0000000)
  object space 326144K, 19% used [0x00000000a0000000,0x00000000a3e4fbf8,0x00000000b3e80000)
 Metaspace       used 108189K, capacity 112009K, committed 112168K, reserved 1146880K
  class space    used 12930K, capacity 13760K, committed 13872K, reserved 1048576K
}
Event: 1320.265 GC heap before
{Heap before GC invocations=38 (full 5):
 PSYoungGen      total 406528K, used 362107K [0x00000000e0000000, 0x0000000100000000, 0x0000000100000000)
  eden space 288768K, 100% used [0x00000000e0000000,0x00000000f1a00000,0x00000000f1a00000)
  from space 117760K, 62% used [0x00000000f8d00000,0x00000000fd49efe0,0x0000000100000000)
  to   space 117760K, 0% used [0x00000000f1a00000,0x00000000f1a00000,0x00000000f8d00000)
 ParOldGen       total 326144K, used 63806K [0x00000000a0000000, 0x00000000b3e80000, 0x00000000e0000000)
  object space 326144K, 19% used [0x00000000a0000000,0x00000000a3e4fbf8,0x00000000b3e80000)
 Metaspace       used 108579K, capacity 112423K, committed 112680K, reserved 1148928K
  class space    used 12976K, capacity 13833K, committed 13872K, reserved 1048576K
Event: 1320.285 GC heap after
Heap after GC invocations=38 (full 5):
 PSYoungGen      total 335360K, used 46116K [0x00000000e0000000, 0x00000000ff800000, 0x0000000100000000)
  eden space 288768K, 0% used [0x00000000e0000000,0x00000000e0000000,0x00000000f1a00000)
  from space 46592K, 98% used [0x00000000f1a00000,0x00000000f4709018,0x00000000f4780000)
  to   space 113664K, 0% used [0x00000000f8900000,0x00000000f8900000,0x00000000ff800000)
 ParOldGen       total 326144K, used 66990K [0x00000000a0000000, 0x00000000b3e80000, 0x00000000e0000000)
  object space 326144K, 20% used [0x00000000a0000000,0x00000000a416b8f0,0x00000000b3e80000)
 Metaspace       used 108579K, capacity 112423K, committed 112680K, reserved 1148928K
  class space    used 12976K, capacity 13833K, committed 13872K, reserved 1048576K
}

