# JRE version: OpenJDK Runtime Environment (8.0_152-b01) (build 1.8.0_152-release-1343-b01)
# Java VM: OpenJDK 64-Bit Server VM (25.152-b01 mixed mode windows-amd64 compressed oops)
Heap:
 PSYoungGen      total 448512K, used 355374K [0x00000000e0000000, 0x00000000ff500000, 0x0000000100000000)
  eden space 381952K, 90% used [0x00000000e0000000,0x00000000f51e30f0,0x00000000f7500000)
  from space 66560K, 14% used [0x00000000fb400000,0x00000000fbd287d0,0x00000000ff500000)
  to   space 64512K, 0% used [0x00000000f7500000,0x00000000f7500000,0x00000000fb400000)
 ParOldGen       total 560128K, used 322191K [0x00000000a0000000, 0x00000000c2300000, 0x00000000e0000000)
  object space 560128K, 57% used [0x00000000a0000000,0x00000000b3aa3e28,0x00000000c2300000)
 Metaspace       used 190947K, capacity 202021K, committed 202264K, reserved 1226752K
  class space    used 23614K, capacity 25450K, committed 25640K, reserved 1048576K
GC Heap History (10 events):
Event: 11334.202 GC heap before
{Heap before GC invocations=93 (full 7):
 PSYoungGen      total 421376K, used 342784K [0x00000000e0000000, 0x00000000ff580000, 0x0000000100000000)
  eden space 330752K, 100% used [0x00000000e0000000,0x00000000f4300000,0x00000000f4300000)
  from space 90624K, 13% used [0x00000000f4300000,0x00000000f4ec01a0,0x00000000f9b80000)
  to   space 85504K, 0% used [0x00000000fa200000,0x00000000fa200000,0x00000000ff580000)
 ParOldGen       total 560128K, used 286527K [0x00000000a0000000, 0x00000000c2300000, 0x00000000e0000000)
  object space 560128K, 51% used [0x00000000a0000000,0x00000000b17cff78,0x00000000c2300000)
 Metaspace       used 180834K, capacity 190407K, committed 190744K, reserved 1216512K
  class space    used 22280K, capacity 23913K, committed 24104K, reserved 1048576K
Event: 11334.240 GC heap after
Heap after GC invocations=93 (full 7):
 PSYoungGen      total 428544K, used 10975K [0x00000000e0000000, 0x00000000ff100000, 0x0000000100000000)
  eden space 347648K, 0% used [0x00000000e0000000,0x00000000e0000000,0x00000000f5380000)
  from space 80896K, 13% used [0x00000000fa200000,0x00000000facb7d98,0x00000000ff100000)
  to   space 80384K, 0% used [0x00000000f5380000,0x00000000f5380000,0x00000000fa200000)
 ParOldGen       total 560128K, used 295685K [0x00000000a0000000, 0x00000000c2300000, 0x00000000e0000000)
  object space 560128K, 52% used [0x00000000a0000000,0x00000000b20c17d8,0x00000000c2300000)
 Metaspace       used 180834K, capacity 190407K, committed 190744K, reserved 1216512K
  class space    used 22280K, capacity 23913K, committed 24104K, reserved 1048576K
}
Event: 11336.277 GC heap before
{Heap before GC invocations=94 (full 7):
 PSYoungGen      total 428544K, used 358623K [0x00000000e0000000, 0x00000000ff100000, 0x0000000100000000)
  eden space 347648K, 100% used [0x00000000e0000000,0x00000000f5380000,0x00000000f5380000)
  from space 80896K, 13% used [0x00000000fa200000,0x00000000facb7d98,0x00000000ff100000)
  to   space 80384K, 0% used [0x00000000f5380000,0x00000000f5380000,0x00000000fa200000)
 ParOldGen       total 560128K, used 295687K [0x00000000a0000000, 0x00000000c2300000, 0x00000000e0000000)
  object space 560128K, 52% used [0x00000000a0000000,0x00000000b20c1c58,0x00000000c2300000)
 Metaspace       used 190227K, capacity 201219K, committed 201496K, reserved 1224704K
  class space    used 23606K, capacity 25441K, committed 25640K, reserved 1048576K
Event: 11336.323 GC heap after
Heap after GC invocations=94 (full 7):
 PSYoungGen      total 428032K, used 23323K [0x00000000e0000000, 0x00000000ff680000, 0x0000000100000000)
  eden space 347648K, 0% used [0x00000000e0000000,0x00000000e0000000,0x00000000f5380000)
  from space 80384K, 29% used [0x00000000f5380000,0x00000000f6a46eb8,0x00000000fa200000)
  to   space 75776K, 0% used [0x00000000fac80000,0x00000000fac80000,0x00000000ff680000)
 ParOldGen       total 560128K, used 300099K [0x00000000a0000000, 0x00000000c2300000, 0x00000000e0000000)
  object space 560128K, 53% used [0x00000000a0000000,0x00000000b2510c88,0x00000000c2300000)
 Metaspace       used 190227K, capacity 201219K, committed 201496K, reserved 1224704K
  class space    used 23606K, capacity 25441K, committed 25640K, reserved 1048576K
}
Event: 11336.743 GC heap before
{Heap before GC invocations=95 (full 7):
 PSYoungGen      total 428032K, used 370971K [0x00000000e0000000, 0x00000000ff680000, 0x0000000100000000)
  eden space 347648K, 100% used [0x00000000e0000000,0x00000000f5380000,0x00000000f5380000)
  from space 80384K, 29% used [0x00000000f5380000,0x00000000f6a46eb8,0x00000000fa200000)
  to   space 75776K, 0% used [0x00000000fac80000,0x00000000fac80000,0x00000000ff680000)
 ParOldGen       total 560128K, used 300099K [0x00000000a0000000, 0x00000000c2300000, 0x00000000e0000000)
  object space 560128K, 53% used [0x00000000a0000000,0x00000000b2510d98,0x00000000c2300000)
 Metaspace       used 190380K, capacity 201373K, committed 201752K, reserved 1224704K
  class space    used 23611K, capacity 25446K, committed 25640K, reserved 1048576K
Event: 11336.760 GC heap after
Heap after GC invocations=95 (full 7):
 PSYoungGen      total 440320K, used 6924K [0x00000000e0000000, 0x00000000ff480000, 0x0000000100000000)
  eden space 366592K, 0% used [0x00000000e0000000,0x00000000e0000000,0x00000000f6600000)
  from space 73728K, 9% used [0x00000000fac80000,0x00000000fb343070,0x00000000ff480000)
  to   space 72192K, 0% used [0x00000000f6600000,0x00000000f6600000,0x00000000fac80000)
 ParOldGen       total 560128K, used 311777K [0x00000000a0000000, 0x00000000c2300000, 0x00000000e0000000)
  object space 560128K, 55% used [0x00000000a0000000,0x00000000b3078478,0x00000000c2300000)
 Metaspace       used 190380K, capacity 201373K, committed 201752K, reserved 1224704K
  class space    used 23611K, capacity 25446K, committed 25640K, reserved 1048576K
}
Event: 11337.125 GC heap before
{Heap before GC invocations=96 (full 7):
 PSYoungGen      total 440320K, used 373516K [0x00000000e0000000, 0x00000000ff480000, 0x0000000100000000)
  eden space 366592K, 100% used [0x00000000e0000000,0x00000000f6600000,0x00000000f6600000)
  from space 73728K, 9% used [0x00000000fac80000,0x00000000fb343070,0x00000000ff480000)
  to   space 72192K, 0% used [0x00000000f6600000,0x00000000f6600000,0x00000000fac80000)
 ParOldGen       total 560128K, used 311778K [0x00000000a0000000, 0x00000000c2300000, 0x00000000e0000000)
  object space 560128K, 55% used [0x00000000a0000000,0x00000000b3078a80,0x00000000c2300000)
 Metaspace       used 190619K, capacity 201675K, committed 202008K, reserved 1226752K
  class space    used 23613K, capacity 25449K, committed 25640K, reserved 1048576K
Event: 11337.147 GC heap after
Heap after GC invocations=96 (full 7):
 PSYoungGen      total 438784K, used 11968K [0x00000000e0000000, 0x00000000ff680000, 0x0000000100000000)
  eden space 366592K, 0% used [0x00000000e0000000,0x00000000e0000000,0x00000000f6600000)
  from space 72192K, 16% used [0x00000000f6600000,0x00000000f71b0188,0x00000000fac80000)
  to   space 68096K, 0% used [0x00000000fb400000,0x00000000fb400000,0x00000000ff680000)
 ParOldGen       total 560128K, used 314066K [0x00000000a0000000, 0x00000000c2300000, 0x00000000e0000000)
  object space 560128K, 56% used [0x00000000a0000000,0x00000000b32b4a00,0x00000000c2300000)
 Metaspace       used 190619K, capacity 201675K, committed 202008K, reserved 1226752K
  class space    used 23613K, capacity 25449K, committed 25640K, reserved 1048576K
}
Event: 11337.475 GC heap before
{Heap before GC invocations=97 (full 7):
 PSYoungGen      total 438784K, used 378560K [0x00000000e0000000, 0x00000000ff680000, 0x0000000100000000)
  eden space 366592K, 100% used [0x00000000e0000000,0x00000000f6600000,0x00000000f6600000)
  from space 72192K, 16% used [0x00000000f6600000,0x00000000f71b0188,0x00000000fac80000)
  to   space 68096K, 0% used [0x00000000fb400000,0x00000000fb400000,0x00000000ff680000)
 ParOldGen       total 560128K, used 314066K [0x00000000a0000000, 0x00000000c2300000, 0x00000000e0000000)
  object space 560128K, 56% used [0x00000000a0000000,0x00000000b32b4a00,0x00000000c2300000)
 Metaspace       used 190787K, capacity 201887K, committed 202264K, reserved 1226752K
  class space    used 23613K, capacity 25449K, committed 25640K, reserved 1048576K
Event: 11337.494 GC heap after
Heap after GC invocations=97 (full 7):
 PSYoungGen      total 448512K, used 9377K [0x00000000e0000000, 0x00000000ff500000, 0x0000000100000000)
  eden space 381952K, 0% used [0x00000000e0000000,0x00000000e0000000,0x00000000f7500000)
  from space 66560K, 14% used [0x00000000fb400000,0x00000000fbd287d0,0x00000000ff500000)
  to   space 64512K, 0% used [0x00000000f7500000,0x00000000f7500000,0x00000000fb400000)
 ParOldGen       total 560128K, used 322191K [0x00000000a0000000, 0x00000000c2300000, 0x00000000e0000000)
  object space 560128K, 57% used [0x00000000a0000000,0x00000000b3aa3e28,0x00000000c2300000)
 Metaspace       used 190787K, capacity 201887K, committed 202264K, reserved 1226752K
  class space    used 23613K, capacity 25449K, committed 25640K, reserved 1048576K
}

