# JRE version: OpenJDK Runtime Environment (8.0_152-b01) (build 1.8.0_152-release-1343-b01)
# Java VM: OpenJDK 64-Bit Server VM (25.152-b01 mixed mode windows-amd64 compressed oops)
Heap:
 PSYoungGen      total 224256K, used 66239K [0x00000000e0000000, 0x00000000f6280000, 0x0000000100000000)
  eden space 161792K, 9% used [0x00000000e0000000,0x00000000e0e71fd8,0x00000000e9e00000)
  from space 62464K, 82% used [0x00000000e9e00000,0x00000000ed03dfe0,0x00000000edb00000)
  to   space 68096K, 0% used [0x00000000f2000000,0x00000000f2000000,0x00000000f6280000)
 ParOldGen       total 235520K, used 64046K [0x00000000a0000000, 0x00000000ae600000, 0x00000000e0000000)
  object space 235520K, 27% used [0x00000000a0000000,0x00000000a3e8bbe8,0x00000000ae600000)
 Metaspace       used 64807K, capacity 65906K, committed 66600K, reserved 1107968K
  class space    used 7906K, capacity 8220K, committed 8240K, reserved 1048576K
GC Heap History (10 events):
Event: 9.264 GC heap before
{Heap before GC invocations=13 (full 3):
 PSYoungGen      total 140800K, used 140771K [0x00000000e0000000, 0x00000000ef380000, 0x0000000100000000)
  eden space 99840K, 100% used [0x00000000e0000000,0x00000000e6180000,0x00000000e6180000)
  from space 40960K, 99% used [0x00000000e6180000,0x00000000e8978c20,0x00000000e8980000)
  to   space 51712K, 0% used [0x00000000ec100000,0x00000000ec100000,0x00000000ef380000)
 ParOldGen       total 154112K, used 59288K [0x00000000a0000000, 0x00000000a9680000, 0x00000000e0000000)
  object space 154112K, 38% used [0x00000000a0000000,0x00000000a39e6090,0x00000000a9680000)
 Metaspace       used 55559K, capacity 56501K, committed 57128K, reserved 1099776K
  class space    used 6920K, capacity 7183K, committed 7216K, reserved 1048576K
Event: 9.297 GC heap after
Heap after GC invocations=13 (full 3):
 PSYoungGen      total 156672K, used 27395K [0x00000000e0000000, 0x00000000ede80000, 0x0000000100000000)
  eden space 126464K, 0% used [0x00000000e0000000,0x00000000e0000000,0x00000000e7b80000)
  from space 30208K, 90% used [0x00000000ec100000,0x00000000edbc0fd0,0x00000000ede80000)
  to   space 50688K, 0% used [0x00000000e7b80000,0x00000000e7b80000,0x00000000ead00000)
 ParOldGen       total 154112K, used 82374K [0x00000000a0000000, 0x00000000a9680000, 0x00000000e0000000)
  object space 154112K, 53% used [0x00000000a0000000,0x00000000a5071ac0,0x00000000a9680000)
 Metaspace       used 55559K, capacity 56501K, committed 57128K, reserved 1099776K
  class space    used 6920K, capacity 7183K, committed 7216K, reserved 1048576K
}
Event: 10.334 GC heap before
{Heap before GC invocations=14 (full 3):
 PSYoungGen      total 156672K, used 153859K [0x00000000e0000000, 0x00000000ede80000, 0x0000000100000000)
  eden space 126464K, 100% used [0x00000000e0000000,0x00000000e7b80000,0x00000000e7b80000)
  from space 30208K, 90% used [0x00000000ec100000,0x00000000edbc0fd0,0x00000000ede80000)
  to   space 50688K, 0% used [0x00000000e7b80000,0x00000000e7b80000,0x00000000ead00000)
 ParOldGen       total 154112K, used 82374K [0x00000000a0000000, 0x00000000a9680000, 0x00000000e0000000)
  object space 154112K, 53% used [0x00000000a0000000,0x00000000a5071ac0,0x00000000a9680000)
 Metaspace       used 57228K, capacity 58209K, committed 58792K, reserved 1101824K
  class space    used 7039K, capacity 7287K, committed 7344K, reserved 1048576K
Event: 10.369 GC heap after
Heap after GC invocations=14 (full 3):
 PSYoungGen      total 177152K, used 50687K [0x00000000e0000000, 0x00000000f1880000, 0x0000000100000000)
  eden space 126464K, 0% used [0x00000000e0000000,0x00000000e0000000,0x00000000e7b80000)
  from space 50688K, 99% used [0x00000000e7b80000,0x00000000eacffe70,0x00000000ead00000)
  to   space 62976K, 0% used [0x00000000edb00000,0x00000000edb00000,0x00000000f1880000)
 ParOldGen       total 154112K, used 94940K [0x00000000a0000000, 0x00000000a9680000, 0x00000000e0000000)
  object space 154112K, 61% used [0x00000000a0000000,0x00000000a5cb70c0,0x00000000a9680000)
 Metaspace       used 57228K, capacity 58209K, committed 58792K, reserved 1101824K
  class space    used 7039K, capacity 7287K, committed 7344K, reserved 1048576K
}
Event: 10.496 GC heap before
{Heap before GC invocations=15 (full 3):
 PSYoungGen      total 177152K, used 63033K [0x00000000e0000000, 0x00000000f1880000, 0x0000000100000000)
  eden space 126464K, 9% used [0x00000000e0000000,0x00000000e0c0e888,0x00000000e7b80000)
  from space 50688K, 99% used [0x00000000e7b80000,0x00000000eacffe70,0x00000000ead00000)
  to   space 62976K, 0% used [0x00000000edb00000,0x00000000edb00000,0x00000000f1880000)
 ParOldGen       total 154112K, used 94940K [0x00000000a0000000, 0x00000000a9680000, 0x00000000e0000000)
  object space 154112K, 61% used [0x00000000a0000000,0x00000000a5cb70c0,0x00000000a9680000)
 Metaspace       used 57704K, capacity 58689K, committed 59160K, reserved 1101824K
  class space    used 7070K, capacity 7319K, committed 7344K, reserved 1048576K
Event: 10.523 GC heap after
Heap after GC invocations=15 (full 3):
 PSYoungGen      total 224768K, used 33330K [0x00000000e0000000, 0x00000000f2700000, 0x0000000100000000)
  eden space 161792K, 0% used [0x00000000e0000000,0x00000000e0000000,0x00000000e9e00000)
  from space 62976K, 52% used [0x00000000edb00000,0x00000000efb8c998,0x00000000f1880000)
  to   space 62464K, 0% used [0x00000000e9e00000,0x00000000e9e00000,0x00000000edb00000)
 ParOldGen       total 154112K, used 112900K [0x00000000a0000000, 0x00000000a9680000, 0x00000000e0000000)
  object space 154112K, 73% used [0x00000000a0000000,0x00000000a6e41120,0x00000000a9680000)
 Metaspace       used 57704K, capacity 58689K, committed 59160K, reserved 1101824K
  class space    used 7070K, capacity 7319K, committed 7344K, reserved 1048576K
}
Event: 10.523 GC heap before
{Heap before GC invocations=16 (full 4):
 PSYoungGen      total 224768K, used 33330K [0x00000000e0000000, 0x00000000f2700000, 0x0000000100000000)
  eden space 161792K, 0% used [0x00000000e0000000,0x00000000e0000000,0x00000000e9e00000)
  from space 62976K, 52% used [0x00000000edb00000,0x00000000efb8c998,0x00000000f1880000)
  to   space 62464K, 0% used [0x00000000e9e00000,0x00000000e9e00000,0x00000000edb00000)
 ParOldGen       total 154112K, used 112900K [0x00000000a0000000, 0x00000000a9680000, 0x00000000e0000000)
  object space 154112K, 73% used [0x00000000a0000000,0x00000000a6e41120,0x00000000a9680000)
 Metaspace       used 57704K, capacity 58689K, committed 59160K, reserved 1101824K
  class space    used 7070K, capacity 7319K, committed 7344K, reserved 1048576K
Event: 10.620 GC heap after
Heap after GC invocations=16 (full 4):
 PSYoungGen      total 224768K, used 0K [0x00000000e0000000, 0x00000000f2700000, 0x0000000100000000)
  eden space 161792K, 0% used [0x00000000e0000000,0x00000000e0000000,0x00000000e9e00000)
  from space 62976K, 0% used [0x00000000edb00000,0x00000000edb00000,0x00000000f1880000)
  to   space 62464K, 0% used [0x00000000e9e00000,0x00000000e9e00000,0x00000000edb00000)
 ParOldGen       total 235520K, used 64038K [0x00000000a0000000, 0x00000000ae600000, 0x00000000e0000000)
  object space 235520K, 27% used [0x00000000a0000000,0x00000000a3e89be8,0x00000000ae600000)
 Metaspace       used 57704K, capacity 58689K, committed 59160K, reserved 1101824K
  class space    used 7070K, capacity 7319K, committed 7344K, reserved 1048576K
}
Event: 11.609 GC heap before
{Heap before GC invocations=17 (full 4):
 PSYoungGen      total 224768K, used 161792K [0x00000000e0000000, 0x00000000f2700000, 0x0000000100000000)
  eden space 161792K, 100% used [0x00000000e0000000,0x00000000e9e00000,0x00000000e9e00000)
  from space 62976K, 0% used [0x00000000edb00000,0x00000000edb00000,0x00000000f1880000)
  to   space 62464K, 0% used [0x00000000e9e00000,0x00000000e9e00000,0x00000000edb00000)
 ParOldGen       total 235520K, used 64038K [0x00000000a0000000, 0x00000000ae600000, 0x00000000e0000000)
  object space 235520K, 27% used [0x00000000a0000000,0x00000000a3e89be8,0x00000000ae600000)
 Metaspace       used 64218K, capacity 65388K, committed 66088K, reserved 1107968K
  class space    used 7844K, capacity 8155K, committed 8240K, reserved 1048576K
Event: 11.634 GC heap after
Heap after GC invocations=17 (full 4):
 PSYoungGen      total 224256K, used 51447K [0x00000000e0000000, 0x00000000f6280000, 0x0000000100000000)
  eden space 161792K, 0% used [0x00000000e0000000,0x00000000e0000000,0x00000000e9e00000)
  from space 62464K, 82% used [0x00000000e9e00000,0x00000000ed03dfe0,0x00000000edb00000)
  to   space 68096K, 0% used [0x00000000f2000000,0x00000000f2000000,0x00000000f6280000)
 ParOldGen       total 235520K, used 64046K [0x00000000a0000000, 0x00000000ae600000, 0x00000000e0000000)
  object space 235520K, 27% used [0x00000000a0000000,0x00000000a3e8bbe8,0x00000000ae600000)
 Metaspace       used 64218K, capacity 65388K, committed 66088K, reserved 1107968K
  class space    used 7844K, capacity 8155K, committed 8240K, reserved 1048576K
}

